<?xml version="1.0" encoding="UTF-8"?>
<!-- Generated by org.testng.reporters.JUnitXMLReporter -->
<testsuite ignored="0" hostname="DESKTOP-BSS5US9" failures="0" tests="2" name="Default test" time="51.012" errors="0" timestamp="2023-12-18T23:42:43 IST">
  <testcase classname="com.testNG.ValidateDataDriven" name="ValidateDataDrivenPageLoadedSuccessfully" time="19.128"/>
  <testcase classname="com.testNG.ValidateDataDriven" name="VerifyDataDrivenFromExcel" time="31.85"/>
</testsuite> <!-- Default test -->
