<?xml version="1.0" encoding="UTF-8"?>
<!-- Generated by org.testng.reporters.JUnitXMLReporter -->
<testsuite ignored="0" hostname="DESKTOP-BSS5US9" failures="0" tests="2" name="Default test" time="64.981" errors="0" timestamp="2023-12-21T14:20:06 IST">
  <testcase classname="com.testNG.ValidateDataDriven" name="ValidateDataDrivenPageLoadedSuccessfully" time="21.062"/>
  <testcase classname="com.testNG.ValidateDataDriven" name="VerifyDataDrivenFromExcel" time="43.887"/>
</testsuite> <!-- Default test -->
