<?xml version="1.0" encoding="UTF-8"?>
<!-- Generated by org.testng.reporters.JUnitXMLReporter -->
<testsuite ignored="2" hostname="DESKTOP-BSS5US9" failures="0" tests="3" name="Test" time="0.054" errors="0" timestamp="2023-12-13T17:53:05 IST">
  <testcase classname="com.testNG.TestNgParallelTestMethod" name="testMethodsFour" time="0.005"/>
  <testcase classname="com.testNG.TestNgParallelTestMethod" name="testMethodsThree" time="0.007"/>
  <testcase classname="com.testNG.TestNgParallelTestMethod" name="testMethodsOne" time="0.001"/>
  <testcase classname="com.testNG.TestNgParallelTestMethod" name="testMethodsFive" time="0.0">
    <ignored/>
  </testcase> <!-- testMethodsFive -->
  <testcase classname="com.testNG.TestNgParallelTestMethod" name="testMethodsTwo" time="0.0">
    <ignored/>
  </testcase> <!-- testMethodsTwo -->
</testsuite> <!-- Test -->
