<?xml version="1.0" encoding="UTF-8"?>
<!-- Generated by org.testng.reporters.JUnitXMLReporter -->
<testsuite ignored="3" hostname="DESKTOP-BSS5US9" failures="0" tests="3" name="Test" time="0.049" errors="0" timestamp="2023-12-14T22:15:51 IST">
  <testcase classname="com.testNG.TestNgGroups" name="TestMethodFive" time="0.008"/>
  <testcase classname="com.testNG.TestNgGroups" name="TestMethodThree" time="0.001"/>
  <testcase classname="com.testNG.TestNgGroups" name="TestMethodTwo" time="0.001"/>
  <testcase classname="com.testNG.TestNgGroups" name="TestMethodFour" time="0.0">
    <ignored/>
  </testcase> <!-- TestMethodFour -->
  <testcase classname="com.testNG.TestNgGroups" name="TestMethodSix" time="0.0">
    <ignored/>
  </testcase> <!-- TestMethodSix -->
  <testcase classname="com.testNG.TestNgGroups" name="TestMethodOne" time="0.0">
    <ignored/>
  </testcase> <!-- TestMethodOne -->
</testsuite> <!-- Test -->
